<?xml version="1.0" encoding="UTF-8"?>
<testsuite name="com.D121211012.myanimelist.ExampleUnitTest" tests="1" skipped="0" failures="0" errors="0" timestamp="2023-12-14T13:05:40" hostname="ROG-GL03GE" time="0.011">
  <properties/>
  <testcase name="addition_isCorrect" classname="com.D121211012.myanimelist.ExampleUnitTest" time="0.011"/>
  <system-out><![CDATA[]]></system-out>
  <system-err><![CDATA[]]></system-err>
</testsuite>
